Determining if the pthread_create exist failed with the following output:
Change Dir: /home/d1md1m/CLionProjects/Lab2Check/Labs/Zhuravchak/IntegralComputing_Andrew_Zhuravchak/CMakeFiles/CMakeTmp

Run Build Command:"/usr/bin/make" "cmTC_b8903/fast"
/usr/bin/make -f CMakeFiles/cmTC_b8903.dir/build.make CMakeFiles/cmTC_b8903.dir/build
make[1]: Entering directory '/home/d1md1m/CLionProjects/Lab2Check/Labs/Zhuravchak/IntegralComputing_Andrew_Zhuravchak/CMakeFiles/CMakeTmp'
Building C object CMakeFiles/cmTC_b8903.dir/CheckSymbolExists.c.o
/usr/bin/cc    -o CMakeFiles/cmTC_b8903.dir/CheckSymbolExists.c.o   -c /home/d1md1m/CLionProjects/Lab2Check/Labs/Zhuravchak/IntegralComputing_Andrew_Zhuravchak/CMakeFiles/CMakeTmp/CheckSymbolExists.c
Linking C executable cmTC_b8903
/usr/local/bin/cmake -E cmake_link_script CMakeFiles/cmTC_b8903.dir/link.txt --verbose=1
/usr/bin/cc      CMakeFiles/cmTC_b8903.dir/CheckSymbolExists.c.o  -o cmTC_b8903 
CMakeFiles/cmTC_b8903.dir/CheckSymbolExists.c.o: In function `main':
CheckSymbolExists.c:(.text+0x16): undefined reference to `pthread_create'
collect2: error: ld returned 1 exit status
CMakeFiles/cmTC_b8903.dir/build.make:86: recipe for target 'cmTC_b8903' failed
make[1]: *** [cmTC_b8903] Error 1
make[1]: Leaving directory '/home/d1md1m/CLionProjects/Lab2Check/Labs/Zhuravchak/IntegralComputing_Andrew_Zhuravchak/CMakeFiles/CMakeTmp'
Makefile:126: recipe for target 'cmTC_b8903/fast' failed
make: *** [cmTC_b8903/fast] Error 2

File /home/d1md1m/CLionProjects/Lab2Check/Labs/Zhuravchak/IntegralComputing_Andrew_Zhuravchak/CMakeFiles/CMakeTmp/CheckSymbolExists.c:
/* */
#include <pthread.h>

int main(int argc, char** argv)
{
  (void)argv;
#ifndef pthread_create
  return ((int*)(&pthread_create))[argc];
#else
  (void)argc;
  return 0;
#endif
}

Determining if the function pthread_create exists in the pthreads failed with the following output:
Change Dir: /home/d1md1m/CLionProjects/Lab2Check/Labs/Zhuravchak/IntegralComputing_Andrew_Zhuravchak/CMakeFiles/CMakeTmp

Run Build Command:"/usr/bin/make" "cmTC_0c712/fast"
/usr/bin/make -f CMakeFiles/cmTC_0c712.dir/build.make CMakeFiles/cmTC_0c712.dir/build
make[1]: Entering directory '/home/d1md1m/CLionProjects/Lab2Check/Labs/Zhuravchak/IntegralComputing_Andrew_Zhuravchak/CMakeFiles/CMakeTmp'
Building C object CMakeFiles/cmTC_0c712.dir/CheckFunctionExists.c.o
/usr/bin/cc   -DCHECK_FUNCTION_EXISTS=pthread_create   -o CMakeFiles/cmTC_0c712.dir/CheckFunctionExists.c.o   -c /usr/local/share/cmake-3.11/Modules/CheckFunctionExists.c
Linking C executable cmTC_0c712
/usr/local/bin/cmake -E cmake_link_script CMakeFiles/cmTC_0c712.dir/link.txt --verbose=1
/usr/bin/cc  -DCHECK_FUNCTION_EXISTS=pthread_create    CMakeFiles/cmTC_0c712.dir/CheckFunctionExists.c.o  -o cmTC_0c712 -lpthreads 
/usr/bin/ld: cannot find -lpthreads
collect2: error: ld returned 1 exit status
CMakeFiles/cmTC_0c712.dir/build.make:86: recipe for target 'cmTC_0c712' failed
make[1]: *** [cmTC_0c712] Error 1
make[1]: Leaving directory '/home/d1md1m/CLionProjects/Lab2Check/Labs/Zhuravchak/IntegralComputing_Andrew_Zhuravchak/CMakeFiles/CMakeTmp'
Makefile:126: recipe for target 'cmTC_0c712/fast' failed
make: *** [cmTC_0c712/fast] Error 2


