Determining if the pthread_create exist failed with the following output:
Change Dir: /home/d1md1m/CLionProjects/Labs/Lab2/Ursul/task/CMakeFiles/CMakeTmp

Run Build Command:"/usr/bin/make" "cmTC_eef9f/fast"
/usr/bin/make -f CMakeFiles/cmTC_eef9f.dir/build.make CMakeFiles/cmTC_eef9f.dir/build
make[1]: Entering directory '/home/d1md1m/CLionProjects/Labs/Lab2/Ursul/task/CMakeFiles/CMakeTmp'
Building C object CMakeFiles/cmTC_eef9f.dir/CheckSymbolExists.c.o
/usr/bin/cc    -o CMakeFiles/cmTC_eef9f.dir/CheckSymbolExists.c.o   -c /home/d1md1m/CLionProjects/Labs/Lab2/Ursul/task/CMakeFiles/CMakeTmp/CheckSymbolExists.c
Linking C executable cmTC_eef9f
/usr/local/bin/cmake -E cmake_link_script CMakeFiles/cmTC_eef9f.dir/link.txt --verbose=1
/usr/bin/cc      CMakeFiles/cmTC_eef9f.dir/CheckSymbolExists.c.o  -o cmTC_eef9f 
CMakeFiles/cmTC_eef9f.dir/CheckSymbolExists.c.o: In function `main':
CheckSymbolExists.c:(.text+0x16): undefined reference to `pthread_create'
collect2: error: ld returned 1 exit status
CMakeFiles/cmTC_eef9f.dir/build.make:86: recipe for target 'cmTC_eef9f' failed
make[1]: *** [cmTC_eef9f] Error 1
make[1]: Leaving directory '/home/d1md1m/CLionProjects/Labs/Lab2/Ursul/task/CMakeFiles/CMakeTmp'
Makefile:126: recipe for target 'cmTC_eef9f/fast' failed
make: *** [cmTC_eef9f/fast] Error 2

File /home/d1md1m/CLionProjects/Labs/Lab2/Ursul/task/CMakeFiles/CMakeTmp/CheckSymbolExists.c:
/* */
#include <pthread.h>

int main(int argc, char** argv)
{
  (void)argv;
#ifndef pthread_create
  return ((int*)(&pthread_create))[argc];
#else
  (void)argc;
  return 0;
#endif
}

Determining if the function pthread_create exists in the pthreads failed with the following output:
Change Dir: /home/d1md1m/CLionProjects/Labs/Lab2/Ursul/task/CMakeFiles/CMakeTmp

Run Build Command:"/usr/bin/make" "cmTC_97ec2/fast"
/usr/bin/make -f CMakeFiles/cmTC_97ec2.dir/build.make CMakeFiles/cmTC_97ec2.dir/build
make[1]: Entering directory '/home/d1md1m/CLionProjects/Labs/Lab2/Ursul/task/CMakeFiles/CMakeTmp'
Building C object CMakeFiles/cmTC_97ec2.dir/CheckFunctionExists.c.o
/usr/bin/cc   -DCHECK_FUNCTION_EXISTS=pthread_create   -o CMakeFiles/cmTC_97ec2.dir/CheckFunctionExists.c.o   -c /usr/local/share/cmake-3.11/Modules/CheckFunctionExists.c
Linking C executable cmTC_97ec2
/usr/local/bin/cmake -E cmake_link_script CMakeFiles/cmTC_97ec2.dir/link.txt --verbose=1
/usr/bin/cc  -DCHECK_FUNCTION_EXISTS=pthread_create    CMakeFiles/cmTC_97ec2.dir/CheckFunctionExists.c.o  -o cmTC_97ec2 -lpthreads 
/usr/bin/ld: cannot find -lpthreads
collect2: error: ld returned 1 exit status
CMakeFiles/cmTC_97ec2.dir/build.make:86: recipe for target 'cmTC_97ec2' failed
make[1]: *** [cmTC_97ec2] Error 1
make[1]: Leaving directory '/home/d1md1m/CLionProjects/Labs/Lab2/Ursul/task/CMakeFiles/CMakeTmp'
Makefile:126: recipe for target 'cmTC_97ec2/fast' failed
make: *** [cmTC_97ec2/fast] Error 2


